Using pre-set license
Built from '2021.3/staging' branch; Version is '2021.3.6f1 (7da38d85baf6) revision 8233869'; Using compiler version '192829333'; Build Type 'Release'
OS: 'Windows 10  (10.0.19045) 64bit Core' Language: 'el' Physical Memory: 49067 MB
BatchMode: 1, IsHumanControllingUs: 0, StartBugReporterOnCrash: 0, Is64bit: 1, IsPro: 1

COMMAND LINE ARGUMENTS:
C:\Program Files\Unity\Hub\Editor\2021.3.6f1\Editor\Unity.exe
-adb2
-batchMode
-noUpm
-name
AssetImportWorker2
-projectPath
C:/Users/PC/Desktop/My mods/Retro Food/Unity
-logFile
Logs/AssetImportWorker2.log
-srvPort
55444
Successfully changed project path to: C:/Users/PC/Desktop/My mods/Retro Food/Unity
C:/Users/PC/Desktop/My mods/Retro Food/Unity
[UnityMemory] Configuration Parameters - Can be set up in boot.config
    "memorysetup-bucket-allocator-granularity=16"
    "memorysetup-bucket-allocator-bucket-count=8"
    "memorysetup-bucket-allocator-block-size=33554432"
    "memorysetup-bucket-allocator-block-count=8"
    "memorysetup-main-allocator-block-size=16777216"
    "memorysetup-thread-allocator-block-size=16777216"
    "memorysetup-gfx-main-allocator-block-size=16777216"
    "memorysetup-gfx-thread-allocator-block-size=16777216"
    "memorysetup-cache-allocator-block-size=4194304"
    "memorysetup-typetree-allocator-block-size=2097152"
    "memorysetup-profiler-bucket-allocator-granularity=16"
    "memorysetup-profiler-bucket-allocator-bucket-count=8"
    "memorysetup-profiler-bucket-allocator-block-size=33554432"
    "memorysetup-profiler-bucket-allocator-block-count=8"
    "memorysetup-profiler-allocator-block-size=16777216"
    "memorysetup-profiler-editor-allocator-block-size=1048576"
    "memorysetup-temp-allocator-size-main=16777216"
    "memorysetup-job-temp-allocator-block-size=2097152"
    "memorysetup-job-temp-allocator-block-size-background=1048576"
    "memorysetup-job-temp-allocator-reduction-small-platforms=262144"
    "memorysetup-temp-allocator-size-background-worker=32768"
    "memorysetup-temp-allocator-size-job-worker=262144"
    "memorysetup-temp-allocator-size-preload-manager=33554432"
    "memorysetup-temp-allocator-size-nav-mesh-worker=65536"
    "memorysetup-temp-allocator-size-audio-worker=65536"
    "memorysetup-temp-allocator-size-cloud-worker=32768"
    "memorysetup-temp-allocator-size-gi-baking-worker=262144"
    "memorysetup-temp-allocator-size-gfx=262144"
Refreshing native plugins compatible for Editor in 102.31 ms, found 3 plugins.
Preloading 0 native plugins for Editor in 0.00 ms.
Initialize engine version: 2021.3.6f1 (7da38d85baf6)
[Subsystems] Discovering subsystems at path C:/Program Files/Unity/Hub/Editor/2021.3.6f1/Editor/Data/Resources/UnitySubsystems
[Subsystems] Discovering subsystems at path C:/Users/PC/Desktop/My mods/Retro Food/Unity/Assets
GfxDevice: creating device client; threaded=0; jobified=0
Direct3D:
    Version:  Direct3D 11.0 [level 11.1]
    Renderer: NVIDIA GeForce RTX 3080 (ID=0x2206)
    Vendor:   NVIDIA
    VRAM:     10067 MB
    Driver:   31.0.15.3623
Initialize mono
Mono path[0] = 'C:/Program Files/Unity/Hub/Editor/2021.3.6f1/Editor/Data/Managed'
Mono path[1] = 'C:/Program Files/Unity/Hub/Editor/2021.3.6f1/Editor/Data/MonoBleedingEdge/lib/mono/unityjit-win32'
Mono config path = 'C:/Program Files/Unity/Hub/Editor/2021.3.6f1/Editor/Data/MonoBleedingEdge/etc'
Using monoOptions --debugger-agent=transport=dt_socket,embedding=1,server=y,suspend=n,address=127.0.0.1:56812
Begin MonoManager ReloadAssembly
Registering precompiled unity dll's ...
Register platform support module: C:/Program Files/Unity/Hub/Editor/2021.3.6f1/Editor/Data/PlaybackEngines/WindowsStandaloneSupport/UnityEditor.WindowsStandalone.Extensions.dll
Registered in 0.015657 seconds.
Native extension for WindowsStandalone target not found
Refreshing native plugins compatible for Editor in 87.64 ms, found 3 plugins.
Preloading 0 native plugins for Editor in 0.00 ms.
Mono: successfully reloaded assembly
- Completed reload, in  0.842 seconds
Domain Reload Profiling:
	ReloadAssembly (843ms)
		BeginReloadAssembly (137ms)
			ExecutionOrderSort (0ms)
			DisableScriptedObjects (0ms)
			BackupInstance (0ms)
			ReleaseScriptingObjects (0ms)
			CreateAndSetChildDomain (1ms)
		EndReloadAssembly (567ms)
			LoadAssemblies (134ms)
			RebuildTransferFunctionScriptingTraits (0ms)
			SetupTypeCache (145ms)
			ReleaseScriptCaches (0ms)
			RebuildScriptCaches (36ms)
			SetupLoadedEditorAssemblies (302ms)
				LogAssemblyErrors (0ms)
				InitializePlatformSupportModulesInManaged (10ms)
				SetLoadedEditorAssemblies (0ms)
				RefreshPlugins (88ms)
				BeforeProcessingInitializeOnLoad (1ms)
				ProcessInitializeOnLoadAttributes (149ms)
				ProcessInitializeOnLoadMethodAttributes (53ms)
				AfterProcessingInitializeOnLoad (0ms)
				EditorAssembliesLoaded (0ms)
			ExecutionOrderSort2 (0ms)
			AwakeInstancesAfterBackupRestoration (0ms)
Platform modules already initialized, skipping
Registering precompiled user dll's ...
Registered in 0.009089 seconds.
Begin MonoManager ReloadAssembly
Symbol file LoadedFromMemory doesn't match image C:\Users\PC\Desktop\My mods\Retro Food\Unity\Library\PackageCache\com.unity.visualscripting@1.7.8\Editor\VisualScripting.Core\Dependencies\YamlDotNet\Unity.VisualScripting.YamlDotNet.dll
Symbol file LoadedFromMemory doesn't match image C:\Users\PC\Desktop\My mods\Retro Food\Unity\Library\PackageCache\com.unity.visualscripting@1.7.8\Editor\VisualScripting.Core\Dependencies\DotNetZip\Unity.VisualScripting.IonicZip.dll
Native extension for WindowsStandalone target not found
Refreshing native plugins compatible for Editor in 0.85 ms, found 3 plugins.
Preloading 0 native plugins for Editor in 0.00 ms.
Mono: successfully reloaded assembly
- Completed reload, in  2.392 seconds
Domain Reload Profiling:
	ReloadAssembly (2393ms)
		BeginReloadAssembly (216ms)
			ExecutionOrderSort (0ms)
			DisableScriptedObjects (8ms)
			BackupInstance (0ms)
			ReleaseScriptingObjects (0ms)
			CreateAndSetChildDomain (27ms)
		EndReloadAssembly (1948ms)
			LoadAssemblies (841ms)
			RebuildTransferFunctionScriptingTraits (0ms)
			SetupTypeCache (374ms)
			ReleaseScriptCaches (2ms)
			RebuildScriptCaches (86ms)
			SetupLoadedEditorAssemblies (629ms)
				LogAssemblyErrors (0ms)
				InitializePlatformSupportModulesInManaged (9ms)
				SetLoadedEditorAssemblies (1ms)
				RefreshPlugins (1ms)
				BeforeProcessingInitializeOnLoad (127ms)
				ProcessInitializeOnLoadAttributes (433ms)
				ProcessInitializeOnLoadMethodAttributes (38ms)
				AfterProcessingInitializeOnLoad (19ms)
				EditorAssembliesLoaded (0ms)
			ExecutionOrderSort2 (0ms)
			AwakeInstancesAfterBackupRestoration (21ms)
Platform modules already initialized, skipping
========================================================================
Worker process is ready to serve import requests
Launched and connected shader compiler UnityShaderCompiler.exe after 0.12 seconds
Refreshing native plugins compatible for Editor in 1.06 ms, found 3 plugins.
Preloading 0 native plugins for Editor in 0.00 ms.
Unloading 3861 Unused Serialized files (Serialized files now loaded: 0)
Unloading 25 unused Assets / (55.3 KB). Loaded Objects now: 4324.
Memory consumption went from 133.4 MB to 133.3 MB.
Total: 4.805400 ms (FindLiveObjects: 0.349000 ms CreateObjectMapping: 0.298800 ms MarkObjects: 4.052300 ms  DeleteObjects: 0.104400 ms)

AssetImportParameters requested are different than current active one (requested -> active):
  custom:video-decoder-ogg-theora: a1e56fd34408186e4bbccfd4996cb3dc -> 
  custom:container-muxer-webm: aa71ff27fc2769a1b78a27578f13a17b -> 
  custom:container-demuxer-webm: 4f35f7cbe854078d1ac9338744f61a02 -> 
  custom:video-encoder-webm-vp8: eb34c28f22e8b96e1ab97ce403110664 -> 
  custom:audio-encoder-webm-vorbis: bf7c407c2cedff20999df2af8eb42d56 -> 
  custom:framework-win-MediaFoundation: 216162199b28c13a410421893ffa2e32 -> 
  custom:container-demuxer-ogg: 62fdf1f143b41e24485cea50d1cbac27 -> 
  custom:video-decoder-webm-vp8: 9c59270c3fd7afecdb556c50c9e8de78 -> 
  custom:audio-decoder-ogg-vorbis: bf7c407c2cedff20999df2af8eb42d56 -> 
========================================================================
Received Import Request.
  Time since last request: 336210.992400 seconds.
  path: Assets/InventoryGridIcons
  artifactKey: Guid(16f7b0c318928c44b98949740341b34c) Importer(815301076,1909f56bfc062723c751e8b465ee728b)
Start importing Assets/InventoryGridIcons using Guid(16f7b0c318928c44b98949740341b34c) Importer(815301076,1909f56bfc062723c751e8b465ee728b)  -> (artifact id: '3e3aa89514994dacc1eae87729234adc') in 0.007573 seconds 
========================================================================
Received Import Request.
  Time since last request: 5.905107 seconds.
  path: Assets/InventoryGridIcons/OLD
  artifactKey: Guid(32f6f18998387b249a198d22853ab5da) Importer(815301076,1909f56bfc062723c751e8b465ee728b)
Start importing Assets/InventoryGridIcons/OLD using Guid(32f6f18998387b249a198d22853ab5da) Importer(815301076,1909f56bfc062723c751e8b465ee728b)  -> (artifact id: '2e67c2c654efb0e3f0032ffafcec4d11') in 0.001703 seconds 
========================================================================
Received Import Request.
  Time since last request: 42.800255 seconds.
  path: Assets/InventoryGridIcons/applesauceicon.png
  artifactKey: Guid(23648fc7d2edb784db355025d0674415) Importer(815301076,1909f56bfc062723c751e8b465ee728b)
Start importing Assets/InventoryGridIcons/applesauceicon.png using Guid(23648fc7d2edb784db355025d0674415) Importer(815301076,1909f56bfc062723c751e8b465ee728b)  -> (artifact id: 'b91a75c84590fa19a9f3a28f5238112e') in 0.145078 seconds 
========================================================================
Received Import Request.
  Time since last request: 5.201820 seconds.
  path: Assets/InventoryGridIcons/applesauceicon.png
  artifactKey: Guid(23648fc7d2edb784db355025d0674415) Importer(815301076,1909f56bfc062723c751e8b465ee728b)
Start importing Assets/InventoryGridIcons/applesauceicon.png using Guid(23648fc7d2edb784db355025d0674415) Importer(815301076,1909f56bfc062723c751e8b465ee728b)  -> (artifact id: '12a86d64379dea79d1e89964bc31da4c') in 0.014523 seconds 
========================================================================
Received Import Request.
  Time since last request: 7.193416 seconds.
  path: Assets/InventoryGridIcons/ico_GearItem__AppleSauceJar.png
  artifactKey: Guid(23648fc7d2edb784db355025d0674415) Importer(815301076,1909f56bfc062723c751e8b465ee728b)
Start importing Assets/InventoryGridIcons/ico_GearItem__AppleSauceJar.png using Guid(23648fc7d2edb784db355025d0674415) Importer(815301076,1909f56bfc062723c751e8b465ee728b)  -> (artifact id: 'b7598b436964137708c34e7ded1f2210') in 0.013914 seconds 
========================================================================
Received Import Request.
  Time since last request: 8.369582 seconds.
  path: Assets/InventoryGridIcons/ico_GearItem__AppleSnacks.png
  artifactKey: Guid(5cf74d9cf893a9748bd16cb85f252230) Importer(815301076,1909f56bfc062723c751e8b465ee728b)
Start importing Assets/InventoryGridIcons/ico_GearItem__AppleSnacks.png using Guid(5cf74d9cf893a9748bd16cb85f252230) Importer(815301076,1909f56bfc062723c751e8b465ee728b)  -> (artifact id: '23cf25d70ff8a0df702a0db2b44c174a') in 0.012353 seconds 
========================================================================
Received Import Request.
  Time since last request: 22.696869 seconds.
  path: Assets/InventoryGridIcons/bakedbeansicon.png
  artifactKey: Guid(f042ec39801934b43bc0a38b52bb88b1) Importer(815301076,1909f56bfc062723c751e8b465ee728b)
Start importing Assets/InventoryGridIcons/bakedbeansicon.png using Guid(f042ec39801934b43bc0a38b52bb88b1) Importer(815301076,1909f56bfc062723c751e8b465ee728b)  -> (artifact id: 'ef42dc2991afe87d87ca8387e29d8f8e') in 0.015223 seconds 
========================================================================
Received Import Request.
  Time since last request: 0.000057 seconds.
  path: Assets/InventoryGridIcons/biscuiticon.png
  artifactKey: Guid(9b82560b6ea3f7a4fa08e3969b4036a5) Importer(815301076,1909f56bfc062723c751e8b465ee728b)
Start importing Assets/InventoryGridIcons/biscuiticon.png using Guid(9b82560b6ea3f7a4fa08e3969b4036a5) Importer(815301076,1909f56bfc062723c751e8b465ee728b)  -> (artifact id: 'f38e28eb988da27b506bb1e5280ed87b') in 0.013371 seconds 
========================================================================
Received Import Request.
  Time since last request: 4.996933 seconds.
  path: Assets/InventoryGridIcons/bakedbeansicon.png
  artifactKey: Guid(f042ec39801934b43bc0a38b52bb88b1) Importer(815301076,1909f56bfc062723c751e8b465ee728b)
Start importing Assets/InventoryGridIcons/bakedbeansicon.png using Guid(f042ec39801934b43bc0a38b52bb88b1) Importer(815301076,1909f56bfc062723c751e8b465ee728b)  -> (artifact id: '6a032db4b336bfbb65abd44b01546dea') in 0.015406 seconds 
========================================================================
Received Import Request.
  Time since last request: 7.273814 seconds.
  path: Assets/InventoryGridIcons/ico_GearItem__BakedBeans.png
  artifactKey: Guid(f042ec39801934b43bc0a38b52bb88b1) Importer(815301076,1909f56bfc062723c751e8b465ee728b)
Start importing Assets/InventoryGridIcons/ico_GearItem__BakedBeans.png using Guid(f042ec39801934b43bc0a38b52bb88b1) Importer(815301076,1909f56bfc062723c751e8b465ee728b)  -> (artifact id: '6a5efeb9e6aee1dbcd8d543051778bbd') in 0.012074 seconds 
========================================================================
Received Import Request.
  Time since last request: 6.857026 seconds.
  path: Assets/InventoryGridIcons/ico_GearItem__BakedBeansOpened.png
  artifactKey: Guid(e9da850f7ca6c3344be5bd54948eba95) Importer(815301076,1909f56bfc062723c751e8b465ee728b)
Start importing Assets/InventoryGridIcons/ico_GearItem__BakedBeansOpened.png using Guid(e9da850f7ca6c3344be5bd54948eba95) Importer(815301076,1909f56bfc062723c751e8b465ee728b)  -> (artifact id: '5dddc209f2c92f7e8fe1e935ff2ef371') in 0.012097 seconds 
========================================================================
Received Import Request.
  Time since last request: 6.577985 seconds.
  path: Assets/InventoryGridIcons/ico_GearItem__OrangeBiscuits.png
  artifactKey: Guid(9b82560b6ea3f7a4fa08e3969b4036a5) Importer(815301076,1909f56bfc062723c751e8b465ee728b)
Start importing Assets/InventoryGridIcons/ico_GearItem__OrangeBiscuits.png using Guid(9b82560b6ea3f7a4fa08e3969b4036a5) Importer(815301076,1909f56bfc062723c751e8b465ee728b)  -> (artifact id: '2d2e3d83c147eddd68fe5182e30eb703') in 0.011659 seconds 
========================================================================
Received Import Request.
  Time since last request: 76.915631 seconds.
  path: Assets/InventoryGridIcons/chickenmeatballsicon.png
  artifactKey: Guid(2829ced7136c7484b8ce7fa173658103) Importer(815301076,1909f56bfc062723c751e8b465ee728b)
Start importing Assets/InventoryGridIcons/chickenmeatballsicon.png using Guid(2829ced7136c7484b8ce7fa173658103) Importer(815301076,1909f56bfc062723c751e8b465ee728b)  -> (artifact id: '93836a51b194ba727340322b02ef2f2c') in 0.014840 seconds 
========================================================================
Received Import Request.
  Time since last request: 3.517510 seconds.
  path: Assets/InventoryGridIcons/chickenmeatballsicon.png
  artifactKey: Guid(2829ced7136c7484b8ce7fa173658103) Importer(815301076,1909f56bfc062723c751e8b465ee728b)
Start importing Assets/InventoryGridIcons/chickenmeatballsicon.png using Guid(2829ced7136c7484b8ce7fa173658103) Importer(815301076,1909f56bfc062723c751e8b465ee728b)  -> (artifact id: '950264c9ed3b13e62808249cac030131') in 0.011848 seconds 
========================================================================
Received Import Request.
  Time since last request: 0.000025 seconds.
  path: Assets/InventoryGridIcons/crushedtomatoesicon.png
  artifactKey: Guid(57953467f25eb58458c1129c214aa202) Importer(815301076,1909f56bfc062723c751e8b465ee728b)
Start importing Assets/InventoryGridIcons/crushedtomatoesicon.png using Guid(57953467f25eb58458c1129c214aa202) Importer(815301076,1909f56bfc062723c751e8b465ee728b)  -> (artifact id: '9ee3592a4ab9db7539585705b9a97b6d') in 0.013270 seconds 
========================================================================
Received Import Request.
  Time since last request: 39.543318 seconds.
  path: Assets/InventoryGridIcons/ico_GearItem__ChickenMeatballs.png
  artifactKey: Guid(1c9be832cf957ce4894c559fe06f94f5) Importer(815301076,1909f56bfc062723c751e8b465ee728b)
Start importing Assets/InventoryGridIcons/ico_GearItem__ChickenMeatballs.png using Guid(1c9be832cf957ce4894c559fe06f94f5) Importer(815301076,1909f56bfc062723c751e8b465ee728b)  -> (artifact id: 'f962f478627738ea17f39daa13d2f611') in 0.015678 seconds 
========================================================================
Received Import Request.
  Time since last request: 6.617190 seconds.
  path: Assets/InventoryGridIcons/ico_GearItem__ChickenMeatballsOpened.png
  artifactKey: Guid(2829ced7136c7484b8ce7fa173658103) Importer(815301076,1909f56bfc062723c751e8b465ee728b)
Start importing Assets/InventoryGridIcons/ico_GearItem__ChickenMeatballsOpened.png using Guid(2829ced7136c7484b8ce7fa173658103) Importer(815301076,1909f56bfc062723c751e8b465ee728b)  -> (artifact id: '1a5e187df09601d6e231df0be885f664') in 0.011274 seconds 
========================================================================
Received Import Request.
  Time since last request: 15.786852 seconds.
  path: Assets/InventoryGridIcons/ico_GearItem__CrushedTomatoes.png
  artifactKey: Guid(57953467f25eb58458c1129c214aa202) Importer(815301076,1909f56bfc062723c751e8b465ee728b)
Start importing Assets/InventoryGridIcons/ico_GearItem__CrushedTomatoes.png using Guid(57953467f25eb58458c1129c214aa202) Importer(815301076,1909f56bfc062723c751e8b465ee728b)  -> (artifact id: 'ecdc221355a13a84f81b1494e0a12787') in 0.012545 seconds 
========================================================================
Received Import Request.
  Time since last request: 162.815320 seconds.
  path: Assets/InventoryGridIcons/crushedtomatoesopenicon.png
  artifactKey: Guid(17640f4121bfe8649a99b57f6134bab7) Importer(815301076,1909f56bfc062723c751e8b465ee728b)
Start importing Assets/InventoryGridIcons/crushedtomatoesopenicon.png using Guid(17640f4121bfe8649a99b57f6134bab7) Importer(815301076,1909f56bfc062723c751e8b465ee728b)  -> (artifact id: '3ac3dbebf8cf80857f3a209109f66bae') in 0.015058 seconds 
========================================================================
Received Import Request.
  Time since last request: 6.389104 seconds.
  path: Assets/InventoryGridIcons/crushedtomatoesopenicon.png
  artifactKey: Guid(17640f4121bfe8649a99b57f6134bab7) Importer(815301076,1909f56bfc062723c751e8b465ee728b)
Start importing Assets/InventoryGridIcons/crushedtomatoesopenicon.png using Guid(17640f4121bfe8649a99b57f6134bab7) Importer(815301076,1909f56bfc062723c751e8b465ee728b)  -> (artifact id: '6e4b7a9b1b6d0e5dbe86a8d0b0bf49cc') in 0.013870 seconds 
========================================================================
Received Import Request.
  Time since last request: 0.000023 seconds.
  path: Assets/InventoryGridIcons/groundbeefopenicon.png
  artifactKey: Guid(80697d138c3d9bd4f81764b1f8009fc8) Importer(815301076,1909f56bfc062723c751e8b465ee728b)
Start importing Assets/InventoryGridIcons/groundbeefopenicon.png using Guid(80697d138c3d9bd4f81764b1f8009fc8) Importer(815301076,1909f56bfc062723c751e8b465ee728b)  -> (artifact id: '6815863bcd9e7424e228f5fd198268f2') in 0.011388 seconds 
========================================================================
Received Import Request.
  Time since last request: 10.673365 seconds.
  path: Assets/InventoryGridIcons/ico_GearItem__CrushedTomatoesOpened.png
  artifactKey: Guid(17640f4121bfe8649a99b57f6134bab7) Importer(815301076,1909f56bfc062723c751e8b465ee728b)
Start importing Assets/InventoryGridIcons/ico_GearItem__CrushedTomatoesOpened.png using Guid(17640f4121bfe8649a99b57f6134bab7) Importer(815301076,1909f56bfc062723c751e8b465ee728b)  -> (artifact id: '624b380ad87bd11df66fc40faa74c5d5') in 0.015873 seconds 
========================================================================
Received Import Request.
  Time since last request: 8.293952 seconds.
  path: Assets/InventoryGridIcons/ico_GearItem__GroundBeef.png
  artifactKey: Guid(dcb358a62c7d3264889d62c1ece8b214) Importer(815301076,1909f56bfc062723c751e8b465ee728b)
Start importing Assets/InventoryGridIcons/ico_GearItem__GroundBeef.png using Guid(dcb358a62c7d3264889d62c1ece8b214) Importer(815301076,1909f56bfc062723c751e8b465ee728b)  -> (artifact id: '968f17f6d1d8d2efc0d631d15a8cef5d') in 0.011215 seconds 
========================================================================
Received Import Request.
  Time since last request: 6.019782 seconds.
  path: Assets/InventoryGridIcons/ico_GearItem__GroundBeefOpened.png
  artifactKey: Guid(80697d138c3d9bd4f81764b1f8009fc8) Importer(815301076,1909f56bfc062723c751e8b465ee728b)
Start importing Assets/InventoryGridIcons/ico_GearItem__GroundBeefOpened.png using Guid(80697d138c3d9bd4f81764b1f8009fc8) Importer(815301076,1909f56bfc062723c751e8b465ee728b)  -> (artifact id: '4bd11e118556d4659a66dcdd0e642f5d') in 0.012978 seconds 
========================================================================
Received Import Request.
  Time since last request: 113.534497 seconds.
  path: Assets/InventoryGridIcons/macandcheeseicon.png
  artifactKey: Guid(c2db1265daf0169459b5d6413a177a0b) Importer(815301076,1909f56bfc062723c751e8b465ee728b)
Start importing Assets/InventoryGridIcons/macandcheeseicon.png using Guid(c2db1265daf0169459b5d6413a177a0b) Importer(815301076,1909f56bfc062723c751e8b465ee728b)  -> (artifact id: '7998be68eca53dfba1ab49b17fb5ed60') in 0.029757 seconds 
========================================================================
Received Import Request.
  Time since last request: 9.039525 seconds.
  path: Assets/InventoryGridIcons/macandcheeseicon.png
  artifactKey: Guid(c2db1265daf0169459b5d6413a177a0b) Importer(815301076,1909f56bfc062723c751e8b465ee728b)
Start importing Assets/InventoryGridIcons/macandcheeseicon.png using Guid(c2db1265daf0169459b5d6413a177a0b) Importer(815301076,1909f56bfc062723c751e8b465ee728b)  -> (artifact id: '084d75640992ce7a79e7d6859c35fc96') in 0.021691 seconds 
========================================================================
Received Import Request.
  Time since last request: 9.312480 seconds.
  path: Assets/InventoryGridIcons/ico_GearItem__MashedPotatoes.png
  artifactKey: Guid(6a649965462d8c849a406964d1926dfd) Importer(815301076,1909f56bfc062723c751e8b465ee728b)
Start importing Assets/InventoryGridIcons/ico_GearItem__MashedPotatoes.png using Guid(6a649965462d8c849a406964d1926dfd) Importer(815301076,1909f56bfc062723c751e8b465ee728b)  -> (artifact id: 'ff206d394f9631d470f70c7efa5347c4') in 0.012161 seconds 
========================================================================
Received Import Request.
  Time since last request: 7.613746 seconds.
  path: Assets/InventoryGridIcons/ico_GearItem__MacCheese.png
  artifactKey: Guid(c2db1265daf0169459b5d6413a177a0b) Importer(815301076,1909f56bfc062723c751e8b465ee728b)
Start importing Assets/InventoryGridIcons/ico_GearItem__MacCheese.png using Guid(c2db1265daf0169459b5d6413a177a0b) Importer(815301076,1909f56bfc062723c751e8b465ee728b)  -> (artifact id: '26ebb49030100c00815c950e1c42c9fd') in 0.014493 seconds 
========================================================================
Received Import Request.
  Time since last request: 8.064924 seconds.
  path: Assets/InventoryGridIcons/ico_GearItem__PremiumPasta.png
  artifactKey: Guid(b161abdf40a52aa459e5791b473e1cc2) Importer(815301076,1909f56bfc062723c751e8b465ee728b)
Start importing Assets/InventoryGridIcons/ico_GearItem__PremiumPasta.png using Guid(b161abdf40a52aa459e5791b473e1cc2) Importer(815301076,1909f56bfc062723c751e8b465ee728b)  -> (artifact id: 'f9182333983148b3d6a29c48d1dd75bc') in 0.012452 seconds 
========================================================================
Received Import Request.
  Time since last request: 40.378697 seconds.
  path: Assets/InventoryGridIcons/raisinsicon.png
  artifactKey: Guid(bf172a08f6c7174448e35a25ff6a4c75) Importer(815301076,1909f56bfc062723c751e8b465ee728b)
Start importing Assets/InventoryGridIcons/raisinsicon.png using Guid(bf172a08f6c7174448e35a25ff6a4c75) Importer(815301076,1909f56bfc062723c751e8b465ee728b)  -> (artifact id: 'a55674ce2bccbd86865c3325213f177f') in 0.018897 seconds 
========================================================================
Received Import Request.
  Time since last request: 3.578397 seconds.
  path: Assets/InventoryGridIcons/raisinsicon.png
  artifactKey: Guid(bf172a08f6c7174448e35a25ff6a4c75) Importer(815301076,1909f56bfc062723c751e8b465ee728b)
Start importing Assets/InventoryGridIcons/raisinsicon.png using Guid(bf172a08f6c7174448e35a25ff6a4c75) Importer(815301076,1909f56bfc062723c751e8b465ee728b)  -> (artifact id: '451327030dd5cd82abe6cac91d34d3f6') in 0.013938 seconds 
========================================================================
Received Import Request.
  Time since last request: 6.732517 seconds.
  path: Assets/InventoryGridIcons/ico_GearItem__DriedRaisins.png
  artifactKey: Guid(bf172a08f6c7174448e35a25ff6a4c75) Importer(815301076,1909f56bfc062723c751e8b465ee728b)
Start importing Assets/InventoryGridIcons/ico_GearItem__DriedRaisins.png using Guid(bf172a08f6c7174448e35a25ff6a4c75) Importer(815301076,1909f56bfc062723c751e8b465ee728b)  -> (artifact id: 'bc23a4f589da97cec31d6c2a409ee109') in 0.012452 seconds 
========================================================================
Received Import Request.
  Time since last request: 6.753728 seconds.
  path: Assets/InventoryGridIcons/ico_GearItem__SwedishMeatballs.png
  artifactKey: Guid(f411917d51f11c34aa97e5e7a26d73d2) Importer(815301076,1909f56bfc062723c751e8b465ee728b)
Start importing Assets/InventoryGridIcons/ico_GearItem__SwedishMeatballs.png using Guid(f411917d51f11c34aa97e5e7a26d73d2) Importer(815301076,1909f56bfc062723c751e8b465ee728b)  -> (artifact id: '3671402548ee715b4068dad447b9c7c4') in 0.012200 seconds 
========================================================================
Received Import Request.
  Time since last request: 5.976473 seconds.
  path: Assets/InventoryGridIcons/ico_GearItem__SwedishMeatballsOpened.png
  artifactKey: Guid(4b7b7028ad4e4744fb842b77ee994da9) Importer(815301076,1909f56bfc062723c751e8b465ee728b)
Start importing Assets/InventoryGridIcons/ico_GearItem__SwedishMeatballsOpened.png using Guid(4b7b7028ad4e4744fb842b77ee994da9) Importer(815301076,1909f56bfc062723c751e8b465ee728b)  -> (artifact id: 'e30b4316bdcb403b77e7f29d30c5ec10') in 0.011490 seconds 
========================================================================
Received Import Request.
  Time since last request: 49.523806 seconds.
  path: Assets/AddressableAssetsData/AssetGroups/Built In Data.asset
  artifactKey: Guid(48af8d7e7763b0541834009c32d418d9) Importer(815301076,1909f56bfc062723c751e8b465ee728b)
Start importing Assets/AddressableAssetsData/AssetGroups/Built In Data.asset using Guid(48af8d7e7763b0541834009c32d418d9) Importer(815301076,1909f56bfc062723c751e8b465ee728b)  -> (artifact id: '415bdce306eb5414b23424a3910a84cd') in 0.009630 seconds 
========================================================================
Received Import Request.
  Time since last request: 21.120024 seconds.
  path: Assets/AddressableAssetsData/AssetGroups/RetroFoodPack.asset
  artifactKey: Guid(e6eae17a784933d44bbe408c379b14a0) Importer(815301076,1909f56bfc062723c751e8b465ee728b)
Start importing Assets/AddressableAssetsData/AssetGroups/RetroFoodPack.asset using Guid(e6eae17a784933d44bbe408c379b14a0) Importer(815301076,1909f56bfc062723c751e8b465ee728b)  -> (artifact id: 'd2095b304b2247abb59aa89a1661cc34') in 0.003554 seconds 
========================================================================
Received Import Request.
  Time since last request: 137.197118 seconds.
  path: Assets/Textures/Other
  artifactKey: Guid(0f8149961d9eabd43b6b7f8e64b58e4a) Importer(815301076,1909f56bfc062723c751e8b465ee728b)
Start importing Assets/Textures/Other using Guid(0f8149961d9eabd43b6b7f8e64b58e4a) Importer(815301076,1909f56bfc062723c751e8b465ee728b)  -> (artifact id: 'b569bb52ed0cc9e3da99cb30c54fedc5') in 0.004190 seconds 
========================================================================
Received Import Request.
  Time since last request: 0.049848 seconds.
  path: Assets/Textures/Other/randomcan-texture.mat
  artifactKey: Guid(42679e092782ad34bb25510070c8db41) Importer(815301076,1909f56bfc062723c751e8b465ee728b)
Start importing Assets/Textures/Other/randomcan-texture.mat using Guid(42679e092782ad34bb25510070c8db41) Importer(815301076,1909f56bfc062723c751e8b465ee728b)  -> (artifact id: 'b59def46c9bd7506c3f2afdbea4725e9') in 0.073268 seconds 
========================================================================
Received Import Request.
  Time since last request: 2.102340 seconds.
  path: Assets/Textures/Inarissa/Bowl
  artifactKey: Guid(0779421ae7549694cb4e50d0ae7b9211) Importer(815301076,1909f56bfc062723c751e8b465ee728b)
Start importing Assets/Textures/Inarissa/Bowl using Guid(0779421ae7549694cb4e50d0ae7b9211) Importer(815301076,1909f56bfc062723c751e8b465ee728b)  -> (artifact id: '287449fbce11b58989a6fa514d9b3194') in 0.001512 seconds 
========================================================================
Received Import Request.
  Time since last request: 0.671674 seconds.
  path: Assets/Textures/Inarissa/Bowl/Materials
  artifactKey: Guid(1b2ea08ce21d94b469a4cb5304b7c3ba) Importer(815301076,1909f56bfc062723c751e8b465ee728b)
Start importing Assets/Textures/Inarissa/Bowl/Materials using Guid(1b2ea08ce21d94b469a4cb5304b7c3ba) Importer(815301076,1909f56bfc062723c751e8b465ee728b)  -> (artifact id: '4bc87fbbc1132eb28f7ce28e4466db22') in 0.001385 seconds 
========================================================================
Received Import Request.
  Time since last request: 0.039557 seconds.
  path: Assets/Textures/Inarissa/Bowl/Materials/bowlmacncheese.mat
  artifactKey: Guid(d0a21d6becae59a4faa4a9a41defbf18) Importer(815301076,1909f56bfc062723c751e8b465ee728b)
Start importing Assets/Textures/Inarissa/Bowl/Materials/bowlmacncheese.mat using Guid(d0a21d6becae59a4faa4a9a41defbf18) Importer(815301076,1909f56bfc062723c751e8b465ee728b)  -> (artifact id: 'ab742c9518bb1e2756c2af81e39ecb90') in 0.012979 seconds 
========================================================================
Received Import Request.
  Time since last request: 0.000017 seconds.
  path: Assets/Textures/Inarissa/Bowl/Materials/bowlpasta.mat
  artifactKey: Guid(4aba5e19450924547891720965d2c092) Importer(815301076,1909f56bfc062723c751e8b465ee728b)
Start importing Assets/Textures/Inarissa/Bowl/Materials/bowlpasta.mat using Guid(4aba5e19450924547891720965d2c092) Importer(815301076,1909f56bfc062723c751e8b465ee728b)  -> (artifact id: '24f4bb65157c597aa98cd2043b59e2c2') in 0.020078 seconds 
========================================================================
Received Import Request.
  Time since last request: 2.258543 seconds.
  path: Assets/Textures/Inarissa/Box/Materials/macandcheesetexture.mat
  artifactKey: Guid(cfdc45f1c68cca641bddc97ab5b48bff) Importer(815301076,1909f56bfc062723c751e8b465ee728b)
Start importing Assets/Textures/Inarissa/Box/Materials/macandcheesetexture.mat using Guid(cfdc45f1c68cca641bddc97ab5b48bff) Importer(815301076,1909f56bfc062723c751e8b465ee728b)  -> (artifact id: '3a509efed21b84ac8d6b8ffb301b9d99') in 0.009276 seconds 
========================================================================
Received Import Request.
  Time since last request: 2.907115 seconds.
  path: Assets/Textures/Inarissa/Liquid
  artifactKey: Guid(e2565e4fed8d5a7438ebe4c018e0a391) Importer(815301076,1909f56bfc062723c751e8b465ee728b)
Start importing Assets/Textures/Inarissa/Liquid using Guid(e2565e4fed8d5a7438ebe4c018e0a391) Importer(815301076,1909f56bfc062723c751e8b465ee728b)  -> (artifact id: '16f2eae724fe83fd4145ff149016e88f') in 0.001716 seconds 
