Using pre-set license
Built from '2021.3/staging' branch; Version is '2021.3.6f1 (7da38d85baf6) revision 8233869'; Using compiler version '192829333'; Build Type 'Release'
OS: 'Windows 10  (10.0.19045) 64bit Core' Language: 'el' Physical Memory: 49067 MB
BatchMode: 1, IsHumanControllingUs: 0, StartBugReporterOnCrash: 0, Is64bit: 1, IsPro: 1

COMMAND LINE ARGUMENTS:
C:\Program Files\Unity\Hub\Editor\2021.3.6f1\Editor\Unity.exe
-adb2
-batchMode
-noUpm
-name
AssetImportWorker1
-projectPath
C:/Users/PC/Desktop/My mods/Retro Food/Unity
-logFile
Logs/AssetImportWorker1.log
-srvPort
61837
Successfully changed project path to: C:/Users/PC/Desktop/My mods/Retro Food/Unity
C:/Users/PC/Desktop/My mods/Retro Food/Unity
[UnityMemory] Configuration Parameters - Can be set up in boot.config
    "memorysetup-bucket-allocator-granularity=16"
    "memorysetup-bucket-allocator-bucket-count=8"
    "memorysetup-bucket-allocator-block-size=33554432"
    "memorysetup-bucket-allocator-block-count=8"
    "memorysetup-main-allocator-block-size=16777216"
    "memorysetup-thread-allocator-block-size=16777216"
    "memorysetup-gfx-main-allocator-block-size=16777216"
    "memorysetup-gfx-thread-allocator-block-size=16777216"
    "memorysetup-cache-allocator-block-size=4194304"
    "memorysetup-typetree-allocator-block-size=2097152"
    "memorysetup-profiler-bucket-allocator-granularity=16"
    "memorysetup-profiler-bucket-allocator-bucket-count=8"
    "memorysetup-profiler-bucket-allocator-block-size=33554432"
    "memorysetup-profiler-bucket-allocator-block-count=8"
    "memorysetup-profiler-allocator-block-size=16777216"
    "memorysetup-profiler-editor-allocator-block-size=1048576"
    "memorysetup-temp-allocator-size-main=16777216"
    "memorysetup-job-temp-allocator-block-size=2097152"
    "memorysetup-job-temp-allocator-block-size-background=1048576"
    "memorysetup-job-temp-allocator-reduction-small-platforms=262144"
    "memorysetup-temp-allocator-size-background-worker=32768"
    "memorysetup-temp-allocator-size-job-worker=262144"
    "memorysetup-temp-allocator-size-preload-manager=33554432"
    "memorysetup-temp-allocator-size-nav-mesh-worker=65536"
    "memorysetup-temp-allocator-size-audio-worker=65536"
    "memorysetup-temp-allocator-size-cloud-worker=32768"
    "memorysetup-temp-allocator-size-gi-baking-worker=262144"
    "memorysetup-temp-allocator-size-gfx=262144"
Refreshing native plugins compatible for Editor in 86.40 ms, found 3 plugins.
Preloading 0 native plugins for Editor in 0.00 ms.
Initialize engine version: 2021.3.6f1 (7da38d85baf6)
[Subsystems] Discovering subsystems at path C:/Program Files/Unity/Hub/Editor/2021.3.6f1/Editor/Data/Resources/UnitySubsystems
[Subsystems] Discovering subsystems at path C:/Users/PC/Desktop/My mods/Retro Food/Unity/Assets
GfxDevice: creating device client; threaded=0; jobified=0
Direct3D:
    Version:  Direct3D 11.0 [level 11.1]
    Renderer: NVIDIA GeForce RTX 3080 (ID=0x2206)
    Vendor:   NVIDIA
    VRAM:     10067 MB
    Driver:   31.0.15.3623
Initialize mono
Mono path[0] = 'C:/Program Files/Unity/Hub/Editor/2021.3.6f1/Editor/Data/Managed'
Mono path[1] = 'C:/Program Files/Unity/Hub/Editor/2021.3.6f1/Editor/Data/MonoBleedingEdge/lib/mono/unityjit-win32'
Mono config path = 'C:/Program Files/Unity/Hub/Editor/2021.3.6f1/Editor/Data/MonoBleedingEdge/etc'
Using monoOptions --debugger-agent=transport=dt_socket,embedding=1,server=y,suspend=n,address=127.0.0.1:56944
Begin MonoManager ReloadAssembly
Registering precompiled unity dll's ...
Register platform support module: C:/Program Files/Unity/Hub/Editor/2021.3.6f1/Editor/Data/PlaybackEngines/WindowsStandaloneSupport/UnityEditor.WindowsStandalone.Extensions.dll
Registered in 0.007611 seconds.
Native extension for WindowsStandalone target not found
Refreshing native plugins compatible for Editor in 89.28 ms, found 3 plugins.
Preloading 0 native plugins for Editor in 0.00 ms.
Mono: successfully reloaded assembly
- Completed reload, in  0.644 seconds
Domain Reload Profiling:
	ReloadAssembly (644ms)
		BeginReloadAssembly (85ms)
			ExecutionOrderSort (0ms)
			DisableScriptedObjects (0ms)
			BackupInstance (0ms)
			ReleaseScriptingObjects (0ms)
			CreateAndSetChildDomain (1ms)
		EndReloadAssembly (455ms)
			LoadAssemblies (82ms)
			RebuildTransferFunctionScriptingTraits (0ms)
			SetupTypeCache (96ms)
			ReleaseScriptCaches (0ms)
			RebuildScriptCaches (28ms)
			SetupLoadedEditorAssemblies (284ms)
				LogAssemblyErrors (0ms)
				InitializePlatformSupportModulesInManaged (8ms)
				SetLoadedEditorAssemblies (0ms)
				RefreshPlugins (89ms)
				BeforeProcessingInitializeOnLoad (1ms)
				ProcessInitializeOnLoadAttributes (139ms)
				ProcessInitializeOnLoadMethodAttributes (46ms)
				AfterProcessingInitializeOnLoad (0ms)
				EditorAssembliesLoaded (0ms)
			ExecutionOrderSort2 (0ms)
			AwakeInstancesAfterBackupRestoration (0ms)
Platform modules already initialized, skipping
Registering precompiled user dll's ...
Registered in 0.006752 seconds.
Begin MonoManager ReloadAssembly
Symbol file LoadedFromMemory doesn't match image C:\Users\PC\Desktop\My mods\Retro Food\Unity\Library\PackageCache\com.unity.visualscripting@1.7.8\Editor\VisualScripting.Core\Dependencies\YamlDotNet\Unity.VisualScripting.YamlDotNet.dll
Symbol file LoadedFromMemory doesn't match image C:\Users\PC\Desktop\My mods\Retro Food\Unity\Library\PackageCache\com.unity.visualscripting@1.7.8\Editor\VisualScripting.Core\Dependencies\DotNetZip\Unity.VisualScripting.IonicZip.dll
Native extension for WindowsStandalone target not found
Refreshing native plugins compatible for Editor in 0.52 ms, found 3 plugins.
Preloading 0 native plugins for Editor in 0.00 ms.
Mono: successfully reloaded assembly
- Completed reload, in  1.055 seconds
Domain Reload Profiling:
	ReloadAssembly (1056ms)
		BeginReloadAssembly (104ms)
			ExecutionOrderSort (0ms)
			DisableScriptedObjects (5ms)
			BackupInstance (0ms)
			ReleaseScriptingObjects (0ms)
			CreateAndSetChildDomain (17ms)
		EndReloadAssembly (840ms)
			LoadAssemblies (109ms)
			RebuildTransferFunctionScriptingTraits (0ms)
			SetupTypeCache (243ms)
			ReleaseScriptCaches (1ms)
			RebuildScriptCaches (50ms)
			SetupLoadedEditorAssemblies (408ms)
				LogAssemblyErrors (0ms)
				InitializePlatformSupportModulesInManaged (5ms)
				SetLoadedEditorAssemblies (0ms)
				RefreshPlugins (1ms)
				BeforeProcessingInitializeOnLoad (95ms)
				ProcessInitializeOnLoadAttributes (266ms)
				ProcessInitializeOnLoadMethodAttributes (32ms)
				AfterProcessingInitializeOnLoad (9ms)
				EditorAssembliesLoaded (0ms)
			ExecutionOrderSort2 (0ms)
			AwakeInstancesAfterBackupRestoration (6ms)
Platform modules already initialized, skipping
========================================================================
Worker process is ready to serve import requests
Launched and connected shader compiler UnityShaderCompiler.exe after 0.05 seconds
Refreshing native plugins compatible for Editor in 0.62 ms, found 3 plugins.
Preloading 0 native plugins for Editor in 0.00 ms.
Unloading 3861 Unused Serialized files (Serialized files now loaded: 0)
Unloading 27 unused Assets / (111.0 KB). Loaded Objects now: 4335.
Memory consumption went from 145.3 MB to 145.2 MB.
Total: 3.226800 ms (FindLiveObjects: 0.317000 ms CreateObjectMapping: 0.265200 ms MarkObjects: 2.549200 ms  DeleteObjects: 0.094600 ms)

AssetImportParameters requested are different than current active one (requested -> active):
  custom:video-decoder-ogg-theora: a1e56fd34408186e4bbccfd4996cb3dc -> 
  custom:container-muxer-webm: aa71ff27fc2769a1b78a27578f13a17b -> 
  custom:container-demuxer-webm: 4f35f7cbe854078d1ac9338744f61a02 -> 
  custom:video-encoder-webm-vp8: eb34c28f22e8b96e1ab97ce403110664 -> 
  custom:audio-encoder-webm-vorbis: bf7c407c2cedff20999df2af8eb42d56 -> 
  custom:framework-win-MediaFoundation: 216162199b28c13a410421893ffa2e32 -> 
  custom:container-demuxer-ogg: 62fdf1f143b41e24485cea50d1cbac27 -> 
  custom:video-decoder-webm-vp8: 9c59270c3fd7afecdb556c50c9e8de78 -> 
  custom:audio-decoder-ogg-vorbis: bf7c407c2cedff20999df2af8eb42d56 -> 
========================================================================
Received Import Request.
  Time since last request: 504681.328977 seconds.
  path: Assets/Prefabs/Random Items
  artifactKey: Guid(86ee9faa2258da14782c68c1e44a6fc3) Importer(815301076,1909f56bfc062723c751e8b465ee728b)
Start importing Assets/Prefabs/Random Items using Guid(86ee9faa2258da14782c68c1e44a6fc3) Importer(815301076,1909f56bfc062723c751e8b465ee728b)  -> (artifact id: '87f5a328155430493a2449f174178312') in 0.006089 seconds 
========================================================================
Received Import Request.
  Time since last request: 20338.778304 seconds.
  path: Assets/Models/Textures/Inarissa/Canned/Materials/GroundBeefMesh.mat
  artifactKey: Guid(09c8c221f5b5fe04884dff96f069753e) Importer(815301076,1909f56bfc062723c751e8b465ee728b)
Start importing Assets/Models/Textures/Inarissa/Canned/Materials/GroundBeefMesh.mat using Guid(09c8c221f5b5fe04884dff96f069753e) Importer(815301076,1909f56bfc062723c751e8b465ee728b)  -> (artifact id: '86f095e8c3024f5ae9fc4e6c8817edd2') in 0.129804 seconds 
========================================================================
Received Import Request.
  Time since last request: 1197.083049 seconds.
  path: Assets/Prefabs/GEAR_GroundBeefOpened.prefab
  artifactKey: Guid(ba8784b87cb4df943a56e2a2a15f3518) Importer(815301076,1909f56bfc062723c751e8b465ee728b)
Start importing Assets/Prefabs/GEAR_GroundBeefOpened.prefab using Guid(ba8784b87cb4df943a56e2a2a15f3518) Importer(815301076,1909f56bfc062723c751e8b465ee728b)  -> (artifact id: 'a5a5715c8ffe24455fac8752873d2fd8') in 0.030244 seconds 
========================================================================
Received Import Request.
  Time since last request: 234.956616 seconds.
  path: Assets/Prefabs/GEAR_GroundBeefOpened.prefab
  artifactKey: Guid(ba8784b87cb4df943a56e2a2a15f3518) Importer(815301076,1909f56bfc062723c751e8b465ee728b)
Start importing Assets/Prefabs/GEAR_GroundBeefOpened.prefab using Guid(ba8784b87cb4df943a56e2a2a15f3518) Importer(815301076,1909f56bfc062723c751e8b465ee728b)  -> (artifact id: 'b53d1bb11f70c57b923381d94da7584e') in 0.018295 seconds 
========================================================================
Received Import Request.
  Time since last request: 201.366221 seconds.
  path: Assets/Prefabs/GEAR_GroundBeef.prefab
  artifactKey: Guid(1ceba1015caa16b40b713ebf0e503d59) Importer(815301076,1909f56bfc062723c751e8b465ee728b)
Start importing Assets/Prefabs/GEAR_GroundBeef.prefab using Guid(1ceba1015caa16b40b713ebf0e503d59) Importer(815301076,1909f56bfc062723c751e8b465ee728b)  -> (artifact id: '9834842cc45c98c69d90aea4a580ee0d') in 0.021214 seconds 
========================================================================
Received Import Request.
  Time since last request: 242.680423 seconds.
  path: Assets/Models/Textures/Inarissa/Canned/Materials/crushedtomatoes.mat
  artifactKey: Guid(af982dd14c44aaa479eaf6bf2c7d43c0) Importer(815301076,1909f56bfc062723c751e8b465ee728b)
Start importing Assets/Models/Textures/Inarissa/Canned/Materials/crushedtomatoes.mat using Guid(af982dd14c44aaa479eaf6bf2c7d43c0) Importer(815301076,1909f56bfc062723c751e8b465ee728b)  -> (artifact id: 'fd3cf76edc2de0da8d3395e9fad806fb') in 0.010346 seconds 
========================================================================
Received Import Request.
  Time since last request: 0.000016 seconds.
  path: Assets/Models/Textures/Inarissa/Canned/Materials/swedishmeatballs2.mat
  artifactKey: Guid(9032be9f1a52cf142a429029b2bcf46c) Importer(815301076,1909f56bfc062723c751e8b465ee728b)
Start importing Assets/Models/Textures/Inarissa/Canned/Materials/swedishmeatballs2.mat using Guid(9032be9f1a52cf142a429029b2bcf46c) Importer(815301076,1909f56bfc062723c751e8b465ee728b)  -> (artifact id: '3bf9875551d4d3bbbe434c0e2a14541b') in 0.013058 seconds 
========================================================================
Received Import Request.
  Time since last request: 28.403800 seconds.
  path: Assets/Prefabs/GEAR_CrushedTomatoes.prefab
  artifactKey: Guid(ae7d0bd40cb1db54688f8114b8ab636c) Importer(815301076,1909f56bfc062723c751e8b465ee728b)
Start importing Assets/Prefabs/GEAR_CrushedTomatoes.prefab using Guid(ae7d0bd40cb1db54688f8114b8ab636c) Importer(815301076,1909f56bfc062723c751e8b465ee728b)  -> (artifact id: 'c83c6f5956ce8e9914d5a8161d4bdad8') in 0.014148 seconds 
========================================================================
Received Import Request.
  Time since last request: 0.000040 seconds.
  path: Assets/Prefabs/GEAR_GroundBeef.prefab
  artifactKey: Guid(1ceba1015caa16b40b713ebf0e503d59) Importer(815301076,1909f56bfc062723c751e8b465ee728b)
Start importing Assets/Prefabs/GEAR_GroundBeef.prefab using Guid(1ceba1015caa16b40b713ebf0e503d59) Importer(815301076,1909f56bfc062723c751e8b465ee728b)  -> (artifact id: '984b4f763bab0b2a27eb68ae8f269d68') in 0.011513 seconds 
Editor requested this worker to shutdown with reason: Scaling down because of idle timeout
AssetImportWorker is now disconnected from the server
Process exiting
Exiting without the bug reporter. Application will terminate with return code 0